2023-03-14 23:31:55,090 :INFO : test_Home_page_button :Clicking on the home page icon takes the user back to the home page
2023-03-14 23:32:02,247 :INFO : test_Home_page_button :Pass:user in the homepage
2023-03-14 23:32:02,247 :INFO : test_Home_page_button :Pass:user in the homepage
2023-03-14 23:32:11,752 :INFO : test_Home_page_button :Clicking on the home page icon takes the user back to the home page
2023-03-14 23:32:11,752 :INFO : test_Home_page_button :Clicking on the home page icon takes the user back to the home page
2023-03-14 23:32:11,752 :INFO : test_Home_page_button :Clicking on the home page icon takes the user back to the home page
2023-03-14 23:32:18,407 :INFO : test_Home_page_button :Pass:user in the homepage
2023-03-14 23:32:18,407 :INFO : test_Home_page_button :Pass:user in the homepage
2023-03-14 23:32:18,407 :INFO : test_Home_page_button :Pass:user in the homepage
2023-03-14 23:32:18,407 :INFO : test_Home_page_button :Pass:user in the homepage
2023-03-14 23:32:28,311 :INFO : test_search_exist_movie_open_image :check if the search result open page appear image of the movie
2023-03-14 23:32:31,938 :INFO : test_search_exist_movie_open_image :Pass:movie image after search is appear
2023-03-14 23:32:31,938 :INFO : test_search_exist_movie_open_image :Pass:movie image after search is appear
2023-03-14 23:32:40,874 :INFO : test_search_exist_movie_open_image :check if the search result open page appear image of the movie
2023-03-14 23:32:40,874 :INFO : test_search_exist_movie_open_image :check if the search result open page appear image of the movie
2023-03-14 23:32:40,874 :INFO : test_search_exist_movie_open_image :check if the search result open page appear image of the movie
2023-03-14 23:32:44,589 :INFO : test_search_exist_movie_open_image :Pass:movie image after search is appear
2023-03-14 23:32:44,589 :INFO : test_search_exist_movie_open_image :Pass:movie image after search is appear
2023-03-14 23:32:44,589 :INFO : test_search_exist_movie_open_image :Pass:movie image after search is appear
2023-03-14 23:32:44,589 :INFO : test_search_exist_movie_open_image :Pass:movie image after search is appear
2023-03-14 23:32:55,066 :INFO : test_serch_exist_movie_open_movie :check if the search result open page appear in it a movie image and clicking in the image open the movie information page
2023-03-14 23:32:58,610 :INFO : test_serch_exist_movie_open_movie :Pass:movie image after search is appear
2023-03-14 23:32:58,610 :INFO : test_serch_exist_movie_open_movie :Pass:movie image after search is appear
2023-03-14 23:33:02,150 :INFO : test_serch_exist_movie_open_movie :Pass:click in the image after search the movie open movie page 
2023-03-14 23:33:02,150 :INFO : test_serch_exist_movie_open_movie :Pass:click in the image after search the movie open movie page 
2023-03-14 23:33:02,150 :INFO : test_serch_exist_movie_open_movie :Pass:click in the image after search the movie open movie page 
2023-03-14 23:33:11,264 :INFO : test_serch_exist_movie_open_movie :check if the search result open page appear in it a movie image and clicking in the image open the movie information page
2023-03-14 23:33:11,264 :INFO : test_serch_exist_movie_open_movie :check if the search result open page appear in it a movie image and clicking in the image open the movie information page
2023-03-14 23:33:11,264 :INFO : test_serch_exist_movie_open_movie :check if the search result open page appear in it a movie image and clicking in the image open the movie information page
2023-03-14 23:33:11,264 :INFO : test_serch_exist_movie_open_movie :check if the search result open page appear in it a movie image and clicking in the image open the movie information page
2023-03-14 23:33:14,612 :INFO : test_serch_exist_movie_open_movie :Pass:movie image after search is appear
2023-03-14 23:33:14,612 :INFO : test_serch_exist_movie_open_movie :Pass:movie image after search is appear
2023-03-14 23:33:14,612 :INFO : test_serch_exist_movie_open_movie :Pass:movie image after search is appear
2023-03-14 23:33:14,612 :INFO : test_serch_exist_movie_open_movie :Pass:movie image after search is appear
2023-03-14 23:33:14,612 :INFO : test_serch_exist_movie_open_movie :Pass:movie image after search is appear
2023-03-14 23:33:18,146 :INFO : test_serch_exist_movie_open_movie :Pass:click in the image after search the movie open movie page 
2023-03-14 23:33:18,146 :INFO : test_serch_exist_movie_open_movie :Pass:click in the image after search the movie open movie page 
2023-03-14 23:33:18,146 :INFO : test_serch_exist_movie_open_movie :Pass:click in the image after search the movie open movie page 
2023-03-14 23:33:18,146 :INFO : test_serch_exist_movie_open_movie :Pass:click in the image after search the movie open movie page 
2023-03-14 23:33:18,146 :INFO : test_serch_exist_movie_open_movie :Pass:click in the image after search the movie open movie page 
2023-03-14 23:33:18,146 :INFO : test_serch_exist_movie_open_movie :Pass:click in the image after search the movie open movie page 
2023-03-14 23:33:26,609 :INFO : test_unexistmovie :movie name that is not in the site
2023-03-14 23:33:38,280 :INFO : test_unexistmovie :Pass:return empty page
2023-03-14 23:33:38,280 :INFO : test_unexistmovie :Pass:return empty page
2023-03-14 23:33:46,949 :INFO : test_unexistmovie :movie name that is not in the site
2023-03-14 23:33:46,949 :INFO : test_unexistmovie :movie name that is not in the site
2023-03-14 23:33:46,949 :INFO : test_unexistmovie :movie name that is not in the site
2023-03-14 23:33:58,983 :INFO : test_unexistmovie :Pass:return empty page
2023-03-14 23:33:58,983 :INFO : test_unexistmovie :Pass:return empty page
2023-03-14 23:33:58,983 :INFO : test_unexistmovie :Pass:return empty page
2023-03-14 23:33:58,983 :INFO : test_unexistmovie :Pass:return empty page
2023-03-14 23:34:07,881 :INFO : test_sign_in_button_working :Check if pressing the register button opens the sign in page
2023-03-14 23:34:08,518 :INFO : test_sign_in_button_working :Pass,Clicking the register button open the sign in page
2023-03-14 23:34:08,518 :INFO : test_sign_in_button_working :Pass,Clicking the register button open the sign in page
2023-03-14 23:34:17,435 :INFO : test_sign_in_button_working :Check if pressing the register button opens the sign in page
2023-03-14 23:34:17,435 :INFO : test_sign_in_button_working :Check if pressing the register button opens the sign in page
2023-03-14 23:34:17,435 :INFO : test_sign_in_button_working :Check if pressing the register button opens the sign in page
2023-03-14 23:34:18,037 :INFO : test_sign_in_button_working :Pass,Clicking the register button open the sign in page
2023-03-14 23:34:18,037 :INFO : test_sign_in_button_working :Pass,Clicking the register button open the sign in page
2023-03-14 23:34:18,037 :INFO : test_sign_in_button_working :Pass,Clicking the register button open the sign in page
2023-03-14 23:34:18,037 :INFO : test_sign_in_button_working :Pass,Clicking the register button open the sign in page
2023-03-14 23:34:26,819 :INFO : test_delete_movie :Check if the admin can add and delete a movie
2023-03-14 23:34:33,323 :INFO : test_delete_movie :Pass:the movie has been adding 
2023-03-14 23:34:33,323 :INFO : test_delete_movie :Pass:the movie has been adding 
2023-03-14 23:34:34,986 :INFO : test_delete_movie :Pass:the movie has been deleted
2023-03-14 23:34:34,986 :INFO : test_delete_movie :Pass:the movie has been deleted
2023-03-14 23:34:34,986 :INFO : test_delete_movie :Pass:the movie has been deleted
2023-03-14 23:34:45,642 :INFO : test_delete_movie :Check if the admin can add and delete a movie
2023-03-14 23:34:45,642 :INFO : test_delete_movie :Check if the admin can add and delete a movie
2023-03-14 23:34:45,642 :INFO : test_delete_movie :Check if the admin can add and delete a movie
2023-03-14 23:34:45,642 :INFO : test_delete_movie :Check if the admin can add and delete a movie
2023-03-14 23:34:52,396 :INFO : test_delete_movie :Pass:the movie has been adding 
2023-03-14 23:34:52,396 :INFO : test_delete_movie :Pass:the movie has been adding 
2023-03-14 23:34:52,396 :INFO : test_delete_movie :Pass:the movie has been adding 
2023-03-14 23:34:52,396 :INFO : test_delete_movie :Pass:the movie has been adding 
2023-03-14 23:34:52,396 :INFO : test_delete_movie :Pass:the movie has been adding 
2023-03-14 23:34:53,973 :INFO : test_delete_movie :Pass:the movie has been deleted
2023-03-14 23:34:53,973 :INFO : test_delete_movie :Pass:the movie has been deleted
2023-03-14 23:34:53,973 :INFO : test_delete_movie :Pass:the movie has been deleted
2023-03-14 23:34:53,973 :INFO : test_delete_movie :Pass:the movie has been deleted
2023-03-14 23:34:53,973 :INFO : test_delete_movie :Pass:the movie has been deleted
2023-03-14 23:34:53,973 :INFO : test_delete_movie :Pass:the movie has been deleted
2023-03-14 23:35:03,175 :INFO : test_add_movie :Check if the admin can add  a new movie
2023-03-14 23:35:11,138 :INFO : test_add_movie :Pass:the movie has been adding
2023-03-14 23:35:11,138 :INFO : test_add_movie :Pass:the movie has been adding
2023-03-14 23:35:20,128 :INFO : test_add_movie :Check if the admin can add  a new movie
2023-03-14 23:35:20,128 :INFO : test_add_movie :Check if the admin can add  a new movie
2023-03-14 23:35:20,128 :INFO : test_add_movie :Check if the admin can add  a new movie
2023-03-14 23:35:28,278 :INFO : test_add_movie :Pass:the movie has been adding
2023-03-14 23:35:28,278 :INFO : test_add_movie :Pass:the movie has been adding
2023-03-14 23:35:28,278 :INFO : test_add_movie :Pass:the movie has been adding
2023-03-14 23:35:28,278 :INFO : test_add_movie :Pass:the movie has been adding
2023-03-14 23:35:37,167 :INFO : test_alter_title_description :Admin check if the movie title and description have changed after he put the information in the alter page
2023-03-14 23:35:45,663 :INFO : test_alter_title_description :Pass:The movie title has changed
2023-03-14 23:35:45,663 :INFO : test_alter_title_description :Pass:The movie title has changed
2023-03-14 23:35:45,716 :INFO : test_alter_title_description :Pass:The movie description has  changed
2023-03-14 23:35:45,716 :INFO : test_alter_title_description :Pass:The movie description has  changed
2023-03-14 23:35:45,716 :INFO : test_alter_title_description :Pass:The movie description has  changed
2023-03-14 23:35:54,606 :INFO : test_alter_title_description :Admin check if the movie title and description have changed after he put the information in the alter page
2023-03-14 23:35:54,606 :INFO : test_alter_title_description :Admin check if the movie title and description have changed after he put the information in the alter page
2023-03-14 23:35:54,606 :INFO : test_alter_title_description :Admin check if the movie title and description have changed after he put the information in the alter page
2023-03-14 23:35:54,606 :INFO : test_alter_title_description :Admin check if the movie title and description have changed after he put the information in the alter page
2023-03-14 23:36:03,574 :INFO : test_alter_title_description :Pass:The movie title has changed
2023-03-14 23:36:03,574 :INFO : test_alter_title_description :Pass:The movie title has changed
2023-03-14 23:36:03,574 :INFO : test_alter_title_description :Pass:The movie title has changed
2023-03-14 23:36:03,574 :INFO : test_alter_title_description :Pass:The movie title has changed
2023-03-14 23:36:03,574 :INFO : test_alter_title_description :Pass:The movie title has changed
2023-03-14 23:36:03,611 :INFO : test_alter_title_description :Pass:The movie description has  changed
2023-03-14 23:36:03,611 :INFO : test_alter_title_description :Pass:The movie description has  changed
2023-03-14 23:36:03,611 :INFO : test_alter_title_description :Pass:The movie description has  changed
2023-03-14 23:36:03,611 :INFO : test_alter_title_description :Pass:The movie description has  changed
2023-03-14 23:36:03,611 :INFO : test_alter_title_description :Pass:The movie description has  changed
2023-03-14 23:36:03,611 :INFO : test_alter_title_description :Pass:The movie description has  changed
2023-03-14 23:36:12,385 :INFO : test_alter_director_year_actors :Admin check if the movie director and year and actors have changed after he put the information in the alter page
2023-03-14 23:36:20,916 :INFO : test_alter_director_year_actors :Pass:The movie director has changed
2023-03-14 23:36:20,916 :INFO : test_alter_director_year_actors :Pass:The movie director has changed
2023-03-14 23:36:20,962 :INFO : test_alter_director_year_actors :Pass:The movie release year has changed
2023-03-14 23:36:20,962 :INFO : test_alter_director_year_actors :Pass:The movie release year has changed
2023-03-14 23:36:20,962 :INFO : test_alter_director_year_actors :Pass:The movie release year has changed
2023-03-14 23:36:21,008 :INFO : test_alter_director_year_actors :Pass:The movie actors has  changed
2023-03-14 23:36:21,008 :INFO : test_alter_director_year_actors :Pass:The movie actors has  changed
2023-03-14 23:36:21,008 :INFO : test_alter_director_year_actors :Pass:The movie actors has  changed
2023-03-14 23:36:21,008 :INFO : test_alter_director_year_actors :Pass:The movie actors has  changed
2023-03-14 23:36:29,844 :INFO : test_alter_director_year_actors :Admin check if the movie director and year and actors have changed after he put the information in the alter page
2023-03-14 23:36:29,844 :INFO : test_alter_director_year_actors :Admin check if the movie director and year and actors have changed after he put the information in the alter page
2023-03-14 23:36:29,844 :INFO : test_alter_director_year_actors :Admin check if the movie director and year and actors have changed after he put the information in the alter page
2023-03-14 23:36:29,844 :INFO : test_alter_director_year_actors :Admin check if the movie director and year and actors have changed after he put the information in the alter page
2023-03-14 23:36:29,844 :INFO : test_alter_director_year_actors :Admin check if the movie director and year and actors have changed after he put the information in the alter page
2023-03-14 23:36:38,614 :INFO : test_alter_director_year_actors :Pass:The movie director has changed
2023-03-14 23:36:38,614 :INFO : test_alter_director_year_actors :Pass:The movie director has changed
2023-03-14 23:36:38,614 :INFO : test_alter_director_year_actors :Pass:The movie director has changed
2023-03-14 23:36:38,614 :INFO : test_alter_director_year_actors :Pass:The movie director has changed
2023-03-14 23:36:38,614 :INFO : test_alter_director_year_actors :Pass:The movie director has changed
2023-03-14 23:36:38,614 :INFO : test_alter_director_year_actors :Pass:The movie director has changed
2023-03-14 23:36:38,654 :INFO : test_alter_director_year_actors :Pass:The movie release year has changed
2023-03-14 23:36:38,654 :INFO : test_alter_director_year_actors :Pass:The movie release year has changed
2023-03-14 23:36:38,654 :INFO : test_alter_director_year_actors :Pass:The movie release year has changed
2023-03-14 23:36:38,654 :INFO : test_alter_director_year_actors :Pass:The movie release year has changed
2023-03-14 23:36:38,654 :INFO : test_alter_director_year_actors :Pass:The movie release year has changed
2023-03-14 23:36:38,654 :INFO : test_alter_director_year_actors :Pass:The movie release year has changed
2023-03-14 23:36:38,654 :INFO : test_alter_director_year_actors :Pass:The movie release year has changed
2023-03-14 23:36:38,690 :INFO : test_alter_director_year_actors :Pass:The movie actors has  changed
2023-03-14 23:36:38,690 :INFO : test_alter_director_year_actors :Pass:The movie actors has  changed
2023-03-14 23:36:38,690 :INFO : test_alter_director_year_actors :Pass:The movie actors has  changed
2023-03-14 23:36:38,690 :INFO : test_alter_director_year_actors :Pass:The movie actors has  changed
2023-03-14 23:36:38,690 :INFO : test_alter_director_year_actors :Pass:The movie actors has  changed
2023-03-14 23:36:38,690 :INFO : test_alter_director_year_actors :Pass:The movie actors has  changed
2023-03-14 23:36:38,690 :INFO : test_alter_director_year_actors :Pass:The movie actors has  changed
2023-03-14 23:36:38,690 :INFO : test_alter_director_year_actors :Pass:The movie actors has  changed
2023-03-14 23:36:47,526 :INFO : test_add_review_name :Check if the user can write his name and review 
2023-03-14 23:36:54,101 :INFO : test_add_review_name :Pass:review and name is written
2023-03-14 23:36:54,101 :INFO : test_add_review_name :Pass:review and name is written
2023-03-14 23:37:04,476 :INFO : test_add_review_name :Check if the user can write his name and review 
2023-03-14 23:37:04,476 :INFO : test_add_review_name :Check if the user can write his name and review 
2023-03-14 23:37:04,476 :INFO : test_add_review_name :Check if the user can write his name and review 
2023-03-14 23:37:11,489 :INFO : test_add_review_name :Pass:review and name is written
2023-03-14 23:37:11,489 :INFO : test_add_review_name :Pass:review and name is written
2023-03-14 23:37:11,489 :INFO : test_add_review_name :Pass:review and name is written
2023-03-14 23:37:11,489 :INFO : test_add_review_name :Pass:review and name is written
2023-03-14 23:37:20,247 :INFO : test_add_name_rating :Check if the user can write his name and rating
2023-03-14 23:37:26,667 :INFO : test_add_name_rating :Pass:rating and name is written
2023-03-14 23:37:26,667 :INFO : test_add_name_rating :Pass:rating and name is written
2023-03-14 23:37:36,628 :INFO : test_add_name_rating :Check if the user can write his name and rating
2023-03-14 23:37:36,628 :INFO : test_add_name_rating :Check if the user can write his name and rating
2023-03-14 23:37:36,628 :INFO : test_add_name_rating :Check if the user can write his name and rating
2023-03-14 23:37:43,176 :INFO : test_add_name_rating :Pass:rating and name is written
2023-03-14 23:37:43,176 :INFO : test_add_name_rating :Pass:rating and name is written
2023-03-14 23:37:43,176 :INFO : test_add_name_rating :Pass:rating and name is written
2023-03-14 23:37:43,176 :INFO : test_add_name_rating :Pass:rating and name is written
2023-03-14 23:37:51,976 :INFO : test_incorrect_details1 :Writing wrong details prevents the browser from entering the site to the home page
2023-03-14 23:37:54,541 :INFO : test_incorrect_details1 :Pass:the user failed to login to the account
2023-03-14 23:37:54,541 :INFO : test_incorrect_details1 :Pass:the user failed to login to the account
2023-03-14 23:38:03,430 :INFO : test_incorrect_details1 :Writing wrong details prevents the browser from entering the site to the home page
2023-03-14 23:38:03,430 :INFO : test_incorrect_details1 :Writing wrong details prevents the browser from entering the site to the home page
2023-03-14 23:38:03,430 :INFO : test_incorrect_details1 :Writing wrong details prevents the browser from entering the site to the home page
2023-03-14 23:38:06,508 :INFO : test_incorrect_details1 :Pass:the user failed to login to the account
2023-03-14 23:38:06,508 :INFO : test_incorrect_details1 :Pass:the user failed to login to the account
2023-03-14 23:38:06,508 :INFO : test_incorrect_details1 :Pass:the user failed to login to the account
2023-03-14 23:38:06,508 :INFO : test_incorrect_details1 :Pass:the user failed to login to the account
2023-03-14 23:38:16,598 :INFO : test_message_incorrect2 :Writing wrong details shows to the browser a message 
2023-03-14 23:38:19,329 :INFO : test_message_incorrect2 :Pass,The message incorrect email or password appear when the wrong details were typed
2023-03-14 23:38:19,329 :INFO : test_message_incorrect2 :Pass,The message incorrect email or password appear when the wrong details were typed
2023-03-14 23:38:28,150 :INFO : test_message_incorrect2 :Writing wrong details shows to the browser a message 
2023-03-14 23:38:28,150 :INFO : test_message_incorrect2 :Writing wrong details shows to the browser a message 
2023-03-14 23:38:28,150 :INFO : test_message_incorrect2 :Writing wrong details shows to the browser a message 
2023-03-14 23:38:31,059 :INFO : test_message_incorrect2 :Pass,The message incorrect email or password appear when the wrong details were typed
2023-03-14 23:38:31,059 :INFO : test_message_incorrect2 :Pass,The message incorrect email or password appear when the wrong details were typed
2023-03-14 23:38:31,059 :INFO : test_message_incorrect2 :Pass,The message incorrect email or password appear when the wrong details were typed
2023-03-14 23:38:31,059 :INFO : test_message_incorrect2 :Pass,The message incorrect email or password appear when the wrong details were typed
2023-03-14 23:38:39,747 :INFO : test_admin_account : Check if the account of admin contains hreh for delete, alter and add movie
2023-03-14 23:38:43,685 :INFO : test_admin_account :Pass:href for add movie appear
2023-03-14 23:38:43,685 :INFO : test_admin_account :Pass:href for add movie appear
2023-03-14 23:38:44,051 :INFO : test_admin_account :Pass:href for alter movie appear
2023-03-14 23:38:44,051 :INFO : test_admin_account :Pass:href for alter movie appear
2023-03-14 23:38:44,051 :INFO : test_admin_account :Pass:href for alter movie appear
2023-03-14 23:38:44,091 :INFO : test_admin_account :Pass,href for delete movie appear
2023-03-14 23:38:44,091 :INFO : test_admin_account :Pass,href for delete movie appear
2023-03-14 23:38:44,091 :INFO : test_admin_account :Pass,href for delete movie appear
2023-03-14 23:38:44,091 :INFO : test_admin_account :Pass,href for delete movie appear
2023-03-14 23:38:53,023 :INFO : test_admin_account : Check if the account of admin contains hreh for delete, alter and add movie
2023-03-14 23:38:53,023 :INFO : test_admin_account : Check if the account of admin contains hreh for delete, alter and add movie
2023-03-14 23:38:53,023 :INFO : test_admin_account : Check if the account of admin contains hreh for delete, alter and add movie
2023-03-14 23:38:53,023 :INFO : test_admin_account : Check if the account of admin contains hreh for delete, alter and add movie
2023-03-14 23:38:53,023 :INFO : test_admin_account : Check if the account of admin contains hreh for delete, alter and add movie
2023-03-14 23:38:57,497 :INFO : test_admin_account :Pass:href for add movie appear
2023-03-14 23:38:57,497 :INFO : test_admin_account :Pass:href for add movie appear
2023-03-14 23:38:57,497 :INFO : test_admin_account :Pass:href for add movie appear
2023-03-14 23:38:57,497 :INFO : test_admin_account :Pass:href for add movie appear
2023-03-14 23:38:57,497 :INFO : test_admin_account :Pass:href for add movie appear
2023-03-14 23:38:57,497 :INFO : test_admin_account :Pass:href for add movie appear
2023-03-14 23:38:57,847 :INFO : test_admin_account :Pass:href for alter movie appear
2023-03-14 23:38:57,847 :INFO : test_admin_account :Pass:href for alter movie appear
2023-03-14 23:38:57,847 :INFO : test_admin_account :Pass:href for alter movie appear
2023-03-14 23:38:57,847 :INFO : test_admin_account :Pass:href for alter movie appear
2023-03-14 23:38:57,847 :INFO : test_admin_account :Pass:href for alter movie appear
2023-03-14 23:38:57,847 :INFO : test_admin_account :Pass:href for alter movie appear
2023-03-14 23:38:57,847 :INFO : test_admin_account :Pass:href for alter movie appear
2023-03-14 23:38:57,881 :INFO : test_admin_account :Pass,href for delete movie appear
2023-03-14 23:38:57,881 :INFO : test_admin_account :Pass,href for delete movie appear
2023-03-14 23:38:57,881 :INFO : test_admin_account :Pass,href for delete movie appear
2023-03-14 23:38:57,881 :INFO : test_admin_account :Pass,href for delete movie appear
2023-03-14 23:38:57,881 :INFO : test_admin_account :Pass,href for delete movie appear
2023-03-14 23:38:57,881 :INFO : test_admin_account :Pass,href for delete movie appear
2023-03-14 23:38:57,881 :INFO : test_admin_account :Pass,href for delete movie appear
2023-03-14 23:38:57,881 :INFO : test_admin_account :Pass,href for delete movie appear
2023-03-14 23:39:06,762 :INFO : test_incorrect_email_format3 :Check if the user has entered an email 
2023-03-14 23:39:10,845 :INFO : test_incorrect_email_format3 :Pass,the message incorrect email format appear
2023-03-14 23:39:10,845 :INFO : test_incorrect_email_format3 :Pass,the message incorrect email format appear
2023-03-14 23:39:19,659 :INFO : test_incorrect_email_format3 :Check if the user has entered an email 
2023-03-14 23:39:19,659 :INFO : test_incorrect_email_format3 :Check if the user has entered an email 
2023-03-14 23:39:19,659 :INFO : test_incorrect_email_format3 :Check if the user has entered an email 
2023-03-14 23:39:23,795 :INFO : test_incorrect_email_format3 :Pass,the message incorrect email format appear
2023-03-14 23:39:23,795 :INFO : test_incorrect_email_format3 :Pass,the message incorrect email format appear
2023-03-14 23:39:23,795 :INFO : test_incorrect_email_format3 :Pass,the message incorrect email format appear
2023-03-14 23:39:23,795 :INFO : test_incorrect_email_format3 :Pass,the message incorrect email format appear
2023-03-14 23:39:33,746 :INFO : test_Existing_account4 :Try adding existing account 
2023-03-14 23:39:34,906 :INFO : test_Existing_account4 :Pass:the message email already exists
2023-03-14 23:39:34,906 :INFO : test_Existing_account4 :Pass:the message email already exists
2023-03-14 23:39:43,743 :INFO : test_Existing_account4 :Try adding existing account 
2023-03-14 23:39:43,743 :INFO : test_Existing_account4 :Try adding existing account 
2023-03-14 23:39:43,743 :INFO : test_Existing_account4 :Try adding existing account 
2023-03-14 23:39:45,248 :INFO : test_Existing_account4 :Pass:the message email already exists
2023-03-14 23:39:45,248 :INFO : test_Existing_account4 :Pass:the message email already exists
2023-03-14 23:39:45,248 :INFO : test_Existing_account4 :Pass:the message email already exists
2023-03-14 23:39:45,248 :INFO : test_Existing_account4 :Pass:the message email already exists
2023-03-14 23:39:54,116 :INFO : test_admin_homepage1 :Writing the admin details opens the admin account (home_page_admin)
2023-03-14 23:39:57,460 :INFO : test_admin_homepage1 :Pass:The admin home page has been opened
2023-03-14 23:39:57,460 :INFO : test_admin_homepage1 :Pass:The admin home page has been opened
2023-03-14 23:40:07,314 :INFO : test_admin_homepage1 :Writing the admin details opens the admin account (home_page_admin)
2023-03-14 23:40:07,314 :INFO : test_admin_homepage1 :Writing the admin details opens the admin account (home_page_admin)
2023-03-14 23:40:07,314 :INFO : test_admin_homepage1 :Writing the admin details opens the admin account (home_page_admin)
2023-03-14 23:40:10,855 :INFO : test_admin_homepage1 :Pass:The admin home page has been opened
2023-03-14 23:40:10,855 :INFO : test_admin_homepage1 :Pass:The admin home page has been opened
2023-03-14 23:40:10,855 :INFO : test_admin_homepage1 :Pass:The admin home page has been opened
2023-03-14 23:40:10,855 :INFO : test_admin_homepage1 :Pass:The admin home page has been opened
2023-03-14 23:40:19,579 :INFO : test_Add_page_open2 :Check if the alter page in the admin account exists
2023-03-14 23:40:24,745 :INFO : test_Add_page_open2 :Pass,The alter page in the admin account opened
2023-03-14 23:40:24,745 :INFO : test_Add_page_open2 :Pass,The alter page in the admin account opened
2023-03-14 23:40:34,956 :INFO : test_Add_page_open2 :Check if the alter page in the admin account exists
2023-03-14 23:40:34,956 :INFO : test_Add_page_open2 :Check if the alter page in the admin account exists
2023-03-14 23:40:34,956 :INFO : test_Add_page_open2 :Check if the alter page in the admin account exists
2023-03-14 23:40:40,629 :INFO : test_Add_page_open2 :Pass,The alter page in the admin account opened
2023-03-14 23:40:40,629 :INFO : test_Add_page_open2 :Pass,The alter page in the admin account opened
2023-03-14 23:40:40,629 :INFO : test_Add_page_open2 :Pass,The alter page in the admin account opened
2023-03-14 23:40:40,629 :INFO : test_Add_page_open2 :Pass,The alter page in the admin account opened
2023-03-14 23:40:49,354 :INFO : test_Log_in_User3 :Writing the user details opens the admin account (home_page
2023-03-14 23:40:52,711 :INFO : test_Log_in_User3 :Pass:The user account has been opened
2023-03-14 23:40:52,711 :INFO : test_Log_in_User3 :Pass:The user account has been opened
2023-03-14 23:41:02,592 :INFO : test_Log_in_User3 :Writing the user details opens the admin account (home_page
2023-03-14 23:41:02,592 :INFO : test_Log_in_User3 :Writing the user details opens the admin account (home_page
2023-03-14 23:41:02,592 :INFO : test_Log_in_User3 :Writing the user details opens the admin account (home_page
2023-03-14 23:41:06,184 :INFO : test_Log_in_User3 :Pass:The user account has been opened
2023-03-14 23:41:06,184 :INFO : test_Log_in_User3 :Pass:The user account has been opened
2023-03-14 23:41:06,184 :INFO : test_Log_in_User3 :Pass:The user account has been opened
2023-03-14 23:41:06,184 :INFO : test_Log_in_User3 :Pass:The user account has been opened
2023-03-14 23:41:15,516 :INFO : test_movie_info_pageuser_open4 :Check if clicking on a specific image opens the movie page for the user, the URL of the specified movie
2023-03-14 23:41:19,142 :INFO : test_movie_info_pageuser_open4 :Pass:The movie page is not shown to the user
2023-03-14 23:41:19,142 :INFO : test_movie_info_pageuser_open4 :Pass:The movie page is not shown to the user
2023-03-14 23:41:29,425 :INFO : test_movie_info_pageuser_open4 :Check if clicking on a specific image opens the movie page for the user, the URL of the specified movie
2023-03-14 23:41:29,425 :INFO : test_movie_info_pageuser_open4 :Check if clicking on a specific image opens the movie page for the user, the URL of the specified movie
2023-03-14 23:41:29,425 :INFO : test_movie_info_pageuser_open4 :Check if clicking on a specific image opens the movie page for the user, the URL of the specified movie
2023-03-14 23:41:33,332 :INFO : test_movie_info_pageuser_open4 :Pass:The movie page is not shown to the user
2023-03-14 23:41:33,332 :INFO : test_movie_info_pageuser_open4 :Pass:The movie page is not shown to the user
2023-03-14 23:41:33,332 :INFO : test_movie_info_pageuser_open4 :Pass:The movie page is not shown to the user
2023-03-14 23:41:33,332 :INFO : test_movie_info_pageuser_open4 :Pass:The movie page is not shown to the user
2023-03-14 23:41:42,152 :INFO : test_movie_info_pageuser_open5 :Check if clicking on a specific image opens the movie page for the user, the URL of the specified movie
2023-03-14 23:41:45,704 :INFO : test_movie_info_pageuser_open5 :Pass:The movie page is not shown to the user
2023-03-14 23:41:45,704 :INFO : test_movie_info_pageuser_open5 :Pass:The movie page is not shown to the user
2023-03-14 23:41:54,614 :INFO : test_movie_info_pageuser_open5 :Check if clicking on a specific image opens the movie page for the user, the URL of the specified movie
2023-03-14 23:41:54,614 :INFO : test_movie_info_pageuser_open5 :Check if clicking on a specific image opens the movie page for the user, the URL of the specified movie
2023-03-14 23:41:54,614 :INFO : test_movie_info_pageuser_open5 :Check if clicking on a specific image opens the movie page for the user, the URL of the specified movie
2023-03-14 23:41:58,382 :INFO : test_movie_info_pageuser_open5 :Pass:The movie page is not shown to the user
2023-03-14 23:41:58,382 :INFO : test_movie_info_pageuser_open5 :Pass:The movie page is not shown to the user
2023-03-14 23:41:58,382 :INFO : test_movie_info_pageuser_open5 :Pass:The movie page is not shown to the user
2023-03-14 23:41:58,382 :INFO : test_movie_info_pageuser_open5 :Pass:The movie page is not shown to the user
2023-03-14 23:42:07,109 :INFO : test_movie_info_pageadmin_open6 :Check if clicking on a specific image opens the movie page for the admin, the URL of the specified movie
2023-03-14 23:42:07,132 :INFO : test_movie_info_pageadmin_open6 :Check if the alter page in the admin account exists
2023-03-14 23:42:07,132 :INFO : test_movie_info_pageadmin_open6 :Check if the alter page in the admin account exists
2023-03-14 23:42:09,547 :INFO : test_movie_info_pageadmin_open6 :Pass:The movie page is not shown to the admin
2023-03-14 23:42:09,547 :INFO : test_movie_info_pageadmin_open6 :Pass:The movie page is not shown to the admin
2023-03-14 23:42:09,547 :INFO : test_movie_info_pageadmin_open6 :Pass:The movie page is not shown to the admin
2023-03-14 23:42:18,604 :INFO : test_movie_info_pageadmin_open6 :Check if clicking on a specific image opens the movie page for the admin, the URL of the specified movie
2023-03-14 23:42:18,604 :INFO : test_movie_info_pageadmin_open6 :Check if clicking on a specific image opens the movie page for the admin, the URL of the specified movie
2023-03-14 23:42:18,604 :INFO : test_movie_info_pageadmin_open6 :Check if clicking on a specific image opens the movie page for the admin, the URL of the specified movie
2023-03-14 23:42:18,604 :INFO : test_movie_info_pageadmin_open6 :Check if clicking on a specific image opens the movie page for the admin, the URL of the specified movie
2023-03-14 23:42:18,621 :INFO : test_movie_info_pageadmin_open6 :Check if the alter page in the admin account exists
2023-03-14 23:42:18,621 :INFO : test_movie_info_pageadmin_open6 :Check if the alter page in the admin account exists
2023-03-14 23:42:18,621 :INFO : test_movie_info_pageadmin_open6 :Check if the alter page in the admin account exists
2023-03-14 23:42:18,621 :INFO : test_movie_info_pageadmin_open6 :Check if the alter page in the admin account exists
2023-03-14 23:42:18,621 :INFO : test_movie_info_pageadmin_open6 :Check if the alter page in the admin account exists
2023-03-14 23:42:21,562 :INFO : test_movie_info_pageadmin_open6 :Pass:The movie page is not shown to the admin
2023-03-14 23:42:21,562 :INFO : test_movie_info_pageadmin_open6 :Pass:The movie page is not shown to the admin
2023-03-14 23:42:21,562 :INFO : test_movie_info_pageadmin_open6 :Pass:The movie page is not shown to the admin
2023-03-14 23:42:21,562 :INFO : test_movie_info_pageadmin_open6 :Pass:The movie page is not shown to the admin
2023-03-14 23:42:21,562 :INFO : test_movie_info_pageadmin_open6 :Pass:The movie page is not shown to the admin
2023-03-14 23:42:21,562 :INFO : test_movie_info_pageadmin_open6 :Pass:The movie page is not shown to the admin
2023-03-14 23:52:05,016 :INFO : test_Home_page_button :Clicking on the home page icon takes the user back to the home page
2023-03-14 23:52:11,543 :INFO : test_Home_page_button :Pass:user in the homepage
2023-03-14 23:52:11,543 :INFO : test_Home_page_button :Pass:user in the homepage
2023-03-14 23:52:20,540 :INFO : test_Home_page_button :Clicking on the home page icon takes the user back to the home page
2023-03-14 23:52:20,540 :INFO : test_Home_page_button :Clicking on the home page icon takes the user back to the home page
2023-03-14 23:52:20,540 :INFO : test_Home_page_button :Clicking on the home page icon takes the user back to the home page
2023-03-14 23:52:27,043 :INFO : test_Home_page_button :Pass:user in the homepage
2023-03-14 23:52:27,043 :INFO : test_Home_page_button :Pass:user in the homepage
2023-03-14 23:52:27,043 :INFO : test_Home_page_button :Pass:user in the homepage
2023-03-14 23:52:27,043 :INFO : test_Home_page_button :Pass:user in the homepage
2023-03-14 23:52:36,325 :INFO : test_search_exist_movie_open_image :check if the search result open page appear image of the movie
2023-03-14 23:52:40,176 :INFO : test_search_exist_movie_open_image :Pass:movie image after search is appear
2023-03-14 23:52:40,176 :INFO : test_search_exist_movie_open_image :Pass:movie image after search is appear
2023-03-14 23:52:49,213 :INFO : test_search_exist_movie_open_image :check if the search result open page appear image of the movie
2023-03-14 23:52:49,213 :INFO : test_search_exist_movie_open_image :check if the search result open page appear image of the movie
2023-03-14 23:52:49,213 :INFO : test_search_exist_movie_open_image :check if the search result open page appear image of the movie
2023-03-14 23:52:53,043 :INFO : test_search_exist_movie_open_image :Pass:movie image after search is appear
2023-03-14 23:52:53,043 :INFO : test_search_exist_movie_open_image :Pass:movie image after search is appear
2023-03-14 23:52:53,043 :INFO : test_search_exist_movie_open_image :Pass:movie image after search is appear
2023-03-14 23:52:53,043 :INFO : test_search_exist_movie_open_image :Pass:movie image after search is appear
2023-03-14 23:53:01,880 :INFO : test_serch_exist_movie_open_movie :check if the search result open page appear in it a movie image and clicking in the image open the movie information page
2023-03-14 23:53:05,299 :INFO : test_serch_exist_movie_open_movie :Pass:movie image after search is appear
2023-03-14 23:53:05,299 :INFO : test_serch_exist_movie_open_movie :Pass:movie image after search is appear
2023-03-14 23:53:08,822 :INFO : test_serch_exist_movie_open_movie :Pass:click in the image after search the movie open movie page 
2023-03-14 23:53:08,822 :INFO : test_serch_exist_movie_open_movie :Pass:click in the image after search the movie open movie page 
2023-03-14 23:53:08,822 :INFO : test_serch_exist_movie_open_movie :Pass:click in the image after search the movie open movie page 
2023-03-14 23:53:18,408 :INFO : test_serch_exist_movie_open_movie :check if the search result open page appear in it a movie image and clicking in the image open the movie information page
2023-03-14 23:53:18,408 :INFO : test_serch_exist_movie_open_movie :check if the search result open page appear in it a movie image and clicking in the image open the movie information page
2023-03-14 23:53:18,408 :INFO : test_serch_exist_movie_open_movie :check if the search result open page appear in it a movie image and clicking in the image open the movie information page
2023-03-14 23:53:18,408 :INFO : test_serch_exist_movie_open_movie :check if the search result open page appear in it a movie image and clicking in the image open the movie information page
2023-03-14 23:53:21,724 :INFO : test_serch_exist_movie_open_movie :Pass:movie image after search is appear
2023-03-14 23:53:21,724 :INFO : test_serch_exist_movie_open_movie :Pass:movie image after search is appear
2023-03-14 23:53:21,724 :INFO : test_serch_exist_movie_open_movie :Pass:movie image after search is appear
2023-03-14 23:53:21,724 :INFO : test_serch_exist_movie_open_movie :Pass:movie image after search is appear
2023-03-14 23:53:21,724 :INFO : test_serch_exist_movie_open_movie :Pass:movie image after search is appear
2023-03-14 23:53:25,274 :INFO : test_serch_exist_movie_open_movie :Pass:click in the image after search the movie open movie page 
2023-03-14 23:53:25,274 :INFO : test_serch_exist_movie_open_movie :Pass:click in the image after search the movie open movie page 
2023-03-14 23:53:25,274 :INFO : test_serch_exist_movie_open_movie :Pass:click in the image after search the movie open movie page 
2023-03-14 23:53:25,274 :INFO : test_serch_exist_movie_open_movie :Pass:click in the image after search the movie open movie page 
2023-03-14 23:53:25,274 :INFO : test_serch_exist_movie_open_movie :Pass:click in the image after search the movie open movie page 
2023-03-14 23:53:25,274 :INFO : test_serch_exist_movie_open_movie :Pass:click in the image after search the movie open movie page 
2023-03-14 23:53:34,012 :INFO : test_unexistmovie :movie name that is not in the site
2023-03-14 23:53:46,119 :INFO : test_unexistmovie :Pass:return empty page
2023-03-14 23:53:46,119 :INFO : test_unexistmovie :Pass:return empty page
2023-03-14 23:53:54,778 :INFO : test_unexistmovie :movie name that is not in the site
2023-03-14 23:53:54,778 :INFO : test_unexistmovie :movie name that is not in the site
2023-03-14 23:53:54,778 :INFO : test_unexistmovie :movie name that is not in the site
2023-03-14 23:54:06,731 :INFO : test_unexistmovie :Pass:return empty page
2023-03-14 23:54:06,731 :INFO : test_unexistmovie :Pass:return empty page
2023-03-14 23:54:06,731 :INFO : test_unexistmovie :Pass:return empty page
2023-03-14 23:54:06,731 :INFO : test_unexistmovie :Pass:return empty page
2023-03-14 23:54:15,639 :INFO : test_sign_in_button_working :Check if pressing the register button opens the sign in page
2023-03-14 23:54:16,276 :INFO : test_sign_in_button_working :Pass,Clicking the register button open the sign in page
2023-03-14 23:54:16,276 :INFO : test_sign_in_button_working :Pass,Clicking the register button open the sign in page
2023-03-14 23:54:25,640 :INFO : test_sign_in_button_working :Check if pressing the register button opens the sign in page
2023-03-14 23:54:25,640 :INFO : test_sign_in_button_working :Check if pressing the register button opens the sign in page
2023-03-14 23:54:25,640 :INFO : test_sign_in_button_working :Check if pressing the register button opens the sign in page
2023-03-14 23:54:26,358 :INFO : test_sign_in_button_working :Pass,Clicking the register button open the sign in page
2023-03-14 23:54:26,358 :INFO : test_sign_in_button_working :Pass,Clicking the register button open the sign in page
2023-03-14 23:54:26,358 :INFO : test_sign_in_button_working :Pass,Clicking the register button open the sign in page
2023-03-14 23:54:26,358 :INFO : test_sign_in_button_working :Pass,Clicking the register button open the sign in page
2023-03-14 23:54:35,565 :INFO : test_delete_movie :Check if the admin can add and delete a movie
2023-03-14 23:54:42,279 :INFO : test_delete_movie :Pass:the movie has been adding 
2023-03-14 23:54:42,279 :INFO : test_delete_movie :Pass:the movie has been adding 
2023-03-14 23:54:43,929 :INFO : test_delete_movie :Pass:the movie has been deleted
2023-03-14 23:54:43,929 :INFO : test_delete_movie :Pass:the movie has been deleted
2023-03-14 23:54:43,929 :INFO : test_delete_movie :Pass:the movie has been deleted
2023-03-14 23:54:53,274 :INFO : test_delete_movie :Check if the admin can add and delete a movie
2023-03-14 23:54:53,274 :INFO : test_delete_movie :Check if the admin can add and delete a movie
2023-03-14 23:54:53,274 :INFO : test_delete_movie :Check if the admin can add and delete a movie
2023-03-14 23:54:53,274 :INFO : test_delete_movie :Check if the admin can add and delete a movie
2023-03-14 23:55:00,124 :INFO : test_delete_movie :Pass:the movie has been adding 
2023-03-14 23:55:00,124 :INFO : test_delete_movie :Pass:the movie has been adding 
2023-03-14 23:55:00,124 :INFO : test_delete_movie :Pass:the movie has been adding 
2023-03-14 23:55:00,124 :INFO : test_delete_movie :Pass:the movie has been adding 
2023-03-14 23:55:00,124 :INFO : test_delete_movie :Pass:the movie has been adding 
2023-03-14 23:55:01,613 :INFO : test_delete_movie :Pass:the movie has been deleted
2023-03-14 23:55:01,613 :INFO : test_delete_movie :Pass:the movie has been deleted
2023-03-14 23:55:01,613 :INFO : test_delete_movie :Pass:the movie has been deleted
2023-03-14 23:55:01,613 :INFO : test_delete_movie :Pass:the movie has been deleted
2023-03-14 23:55:01,613 :INFO : test_delete_movie :Pass:the movie has been deleted
2023-03-14 23:55:01,613 :INFO : test_delete_movie :Pass:the movie has been deleted
2023-03-14 23:55:10,420 :INFO : test_add_movie :Check if the admin can add  a new movie
2023-03-14 23:55:18,223 :INFO : test_add_movie :Pass:the movie has been adding
2023-03-14 23:55:18,223 :INFO : test_add_movie :Pass:the movie has been adding
2023-03-14 23:55:28,758 :INFO : test_add_movie :Check if the admin can add  a new movie
2023-03-14 23:55:28,758 :INFO : test_add_movie :Check if the admin can add  a new movie
2023-03-14 23:55:28,758 :INFO : test_add_movie :Check if the admin can add  a new movie
2023-03-14 23:55:37,046 :INFO : test_add_movie :Pass:the movie has been adding
2023-03-14 23:55:37,046 :INFO : test_add_movie :Pass:the movie has been adding
2023-03-14 23:55:37,046 :INFO : test_add_movie :Pass:the movie has been adding
2023-03-14 23:55:37,046 :INFO : test_add_movie :Pass:the movie has been adding
2023-03-14 23:55:45,995 :INFO : test_alter_title_description :Admin check if the movie title and description have changed after he put the information in the alter page
2023-03-14 23:55:54,590 :INFO : test_alter_title_description :Pass:The movie title has changed
2023-03-14 23:55:54,590 :INFO : test_alter_title_description :Pass:The movie title has changed
2023-03-14 23:55:54,631 :INFO : test_alter_title_description :Pass:The movie description has  changed
2023-03-14 23:55:54,631 :INFO : test_alter_title_description :Pass:The movie description has  changed
2023-03-14 23:55:54,631 :INFO : test_alter_title_description :Pass:The movie description has  changed
2023-03-14 23:56:03,875 :INFO : test_alter_title_description :Admin check if the movie title and description have changed after he put the information in the alter page
2023-03-14 23:56:03,875 :INFO : test_alter_title_description :Admin check if the movie title and description have changed after he put the information in the alter page
2023-03-14 23:56:03,875 :INFO : test_alter_title_description :Admin check if the movie title and description have changed after he put the information in the alter page
2023-03-14 23:56:03,875 :INFO : test_alter_title_description :Admin check if the movie title and description have changed after he put the information in the alter page
2023-03-14 23:56:12,888 :INFO : test_alter_title_description :Pass:The movie title has changed
2023-03-14 23:56:12,888 :INFO : test_alter_title_description :Pass:The movie title has changed
2023-03-14 23:56:12,888 :INFO : test_alter_title_description :Pass:The movie title has changed
2023-03-14 23:56:12,888 :INFO : test_alter_title_description :Pass:The movie title has changed
2023-03-14 23:56:12,888 :INFO : test_alter_title_description :Pass:The movie title has changed
2023-03-14 23:56:12,923 :INFO : test_alter_title_description :Pass:The movie description has  changed
2023-03-14 23:56:12,923 :INFO : test_alter_title_description :Pass:The movie description has  changed
2023-03-14 23:56:12,923 :INFO : test_alter_title_description :Pass:The movie description has  changed
2023-03-14 23:56:12,923 :INFO : test_alter_title_description :Pass:The movie description has  changed
2023-03-14 23:56:12,923 :INFO : test_alter_title_description :Pass:The movie description has  changed
2023-03-14 23:56:12,923 :INFO : test_alter_title_description :Pass:The movie description has  changed
2023-03-14 23:56:21,949 :INFO : test_alter_director_year_actors :Admin check if the movie director and year and actors have changed after he put the information in the alter page
2023-03-14 23:56:30,569 :INFO : test_alter_director_year_actors :Pass:The movie director has changed
2023-03-14 23:56:30,569 :INFO : test_alter_director_year_actors :Pass:The movie director has changed
2023-03-14 23:56:30,617 :INFO : test_alter_director_year_actors :Pass:The movie release year has changed
2023-03-14 23:56:30,617 :INFO : test_alter_director_year_actors :Pass:The movie release year has changed
2023-03-14 23:56:30,617 :INFO : test_alter_director_year_actors :Pass:The movie release year has changed
2023-03-14 23:56:30,660 :INFO : test_alter_director_year_actors :Pass:The movie actors has  changed
2023-03-14 23:56:30,660 :INFO : test_alter_director_year_actors :Pass:The movie actors has  changed
2023-03-14 23:56:30,660 :INFO : test_alter_director_year_actors :Pass:The movie actors has  changed
2023-03-14 23:56:30,660 :INFO : test_alter_director_year_actors :Pass:The movie actors has  changed
2023-03-14 23:56:39,448 :INFO : test_alter_director_year_actors :Admin check if the movie director and year and actors have changed after he put the information in the alter page
2023-03-14 23:56:39,448 :INFO : test_alter_director_year_actors :Admin check if the movie director and year and actors have changed after he put the information in the alter page
2023-03-14 23:56:39,448 :INFO : test_alter_director_year_actors :Admin check if the movie director and year and actors have changed after he put the information in the alter page
2023-03-14 23:56:39,448 :INFO : test_alter_director_year_actors :Admin check if the movie director and year and actors have changed after he put the information in the alter page
2023-03-14 23:56:39,448 :INFO : test_alter_director_year_actors :Admin check if the movie director and year and actors have changed after he put the information in the alter page
2023-03-14 23:56:48,412 :INFO : test_alter_director_year_actors :Pass:The movie director has changed
2023-03-14 23:56:48,412 :INFO : test_alter_director_year_actors :Pass:The movie director has changed
2023-03-14 23:56:48,412 :INFO : test_alter_director_year_actors :Pass:The movie director has changed
2023-03-14 23:56:48,412 :INFO : test_alter_director_year_actors :Pass:The movie director has changed
2023-03-14 23:56:48,412 :INFO : test_alter_director_year_actors :Pass:The movie director has changed
2023-03-14 23:56:48,412 :INFO : test_alter_director_year_actors :Pass:The movie director has changed
2023-03-14 23:56:48,449 :INFO : test_alter_director_year_actors :Pass:The movie release year has changed
2023-03-14 23:56:48,449 :INFO : test_alter_director_year_actors :Pass:The movie release year has changed
2023-03-14 23:56:48,449 :INFO : test_alter_director_year_actors :Pass:The movie release year has changed
2023-03-14 23:56:48,449 :INFO : test_alter_director_year_actors :Pass:The movie release year has changed
2023-03-14 23:56:48,449 :INFO : test_alter_director_year_actors :Pass:The movie release year has changed
2023-03-14 23:56:48,449 :INFO : test_alter_director_year_actors :Pass:The movie release year has changed
2023-03-14 23:56:48,449 :INFO : test_alter_director_year_actors :Pass:The movie release year has changed
2023-03-14 23:56:48,486 :INFO : test_alter_director_year_actors :Pass:The movie actors has  changed
2023-03-14 23:56:48,486 :INFO : test_alter_director_year_actors :Pass:The movie actors has  changed
2023-03-14 23:56:48,486 :INFO : test_alter_director_year_actors :Pass:The movie actors has  changed
2023-03-14 23:56:48,486 :INFO : test_alter_director_year_actors :Pass:The movie actors has  changed
2023-03-14 23:56:48,486 :INFO : test_alter_director_year_actors :Pass:The movie actors has  changed
2023-03-14 23:56:48,486 :INFO : test_alter_director_year_actors :Pass:The movie actors has  changed
2023-03-14 23:56:48,486 :INFO : test_alter_director_year_actors :Pass:The movie actors has  changed
2023-03-14 23:56:48,486 :INFO : test_alter_director_year_actors :Pass:The movie actors has  changed
2023-03-14 23:56:57,642 :INFO : test_add_review_name :Check if the user can write his name and review 
2023-03-14 23:57:04,617 :INFO : test_add_review_name :Pass:review and name is written
2023-03-14 23:57:04,617 :INFO : test_add_review_name :Pass:review and name is written
2023-03-14 23:57:14,607 :INFO : test_add_review_name :Check if the user can write his name and review 
2023-03-14 23:57:14,607 :INFO : test_add_review_name :Check if the user can write his name and review 
2023-03-14 23:57:14,607 :INFO : test_add_review_name :Check if the user can write his name and review 
2023-03-14 23:57:21,527 :INFO : test_add_review_name :Pass:review and name is written
2023-03-14 23:57:21,527 :INFO : test_add_review_name :Pass:review and name is written
2023-03-14 23:57:21,527 :INFO : test_add_review_name :Pass:review and name is written
2023-03-14 23:57:21,527 :INFO : test_add_review_name :Pass:review and name is written
2023-03-14 23:57:30,387 :INFO : test_add_name_rating :Check if the user can write his name and rating
2023-03-14 23:57:36,606 :INFO : test_add_name_rating :Pass:rating and name is written
2023-03-14 23:57:36,606 :INFO : test_add_name_rating :Pass:rating and name is written
2023-03-14 23:57:46,889 :INFO : test_add_name_rating :Check if the user can write his name and rating
2023-03-14 23:57:46,889 :INFO : test_add_name_rating :Check if the user can write his name and rating
2023-03-14 23:57:46,889 :INFO : test_add_name_rating :Check if the user can write his name and rating
2023-03-14 23:57:53,625 :INFO : test_add_name_rating :Pass:rating and name is written
2023-03-14 23:57:53,625 :INFO : test_add_name_rating :Pass:rating and name is written
2023-03-14 23:57:53,625 :INFO : test_add_name_rating :Pass:rating and name is written
2023-03-14 23:57:53,625 :INFO : test_add_name_rating :Pass:rating and name is written
2023-03-14 23:58:02,486 :INFO : test_incorrect_details1 :Writing wrong details prevents the browser from entering the site to the home page
2023-03-14 23:58:05,206 :INFO : test_incorrect_details1 :Pass:the user failed to login to the account
2023-03-14 23:58:05,206 :INFO : test_incorrect_details1 :Pass:the user failed to login to the account
2023-03-14 23:58:14,071 :INFO : test_incorrect_details1 :Writing wrong details prevents the browser from entering the site to the home page
2023-03-14 23:58:14,071 :INFO : test_incorrect_details1 :Writing wrong details prevents the browser from entering the site to the home page
2023-03-14 23:58:14,071 :INFO : test_incorrect_details1 :Writing wrong details prevents the browser from entering the site to the home page
2023-03-14 23:58:16,780 :INFO : test_incorrect_details1 :Pass:the user failed to login to the account
2023-03-14 23:58:16,780 :INFO : test_incorrect_details1 :Pass:the user failed to login to the account
2023-03-14 23:58:16,780 :INFO : test_incorrect_details1 :Pass:the user failed to login to the account
2023-03-14 23:58:16,780 :INFO : test_incorrect_details1 :Pass:the user failed to login to the account
2023-03-14 23:58:25,884 :INFO : test_message_incorrect2 :Writing wrong details shows to the browser a message 
2023-03-14 23:58:29,066 :INFO : test_message_incorrect2 :Pass,The message incorrect email or password appear when the wrong details were typed
2023-03-14 23:58:29,066 :INFO : test_message_incorrect2 :Pass,The message incorrect email or password appear when the wrong details were typed
2023-03-14 23:58:37,821 :INFO : test_message_incorrect2 :Writing wrong details shows to the browser a message 
2023-03-14 23:58:37,821 :INFO : test_message_incorrect2 :Writing wrong details shows to the browser a message 
2023-03-14 23:58:37,821 :INFO : test_message_incorrect2 :Writing wrong details shows to the browser a message 
2023-03-14 23:58:40,865 :INFO : test_message_incorrect2 :Pass,The message incorrect email or password appear when the wrong details were typed
2023-03-14 23:58:40,865 :INFO : test_message_incorrect2 :Pass,The message incorrect email or password appear when the wrong details were typed
2023-03-14 23:58:40,865 :INFO : test_message_incorrect2 :Pass,The message incorrect email or password appear when the wrong details were typed
2023-03-14 23:58:40,865 :INFO : test_message_incorrect2 :Pass,The message incorrect email or password appear when the wrong details were typed
2023-03-14 23:58:49,749 :INFO : test_admin_account : Check if the account of admin contains hreh for delete, alter and add movie
2023-03-14 23:58:53,738 :INFO : test_admin_account :Pass:href for add movie appear
2023-03-14 23:58:53,738 :INFO : test_admin_account :Pass:href for add movie appear
2023-03-14 23:58:54,141 :INFO : test_admin_account :Pass:href for alter movie appear
2023-03-14 23:58:54,141 :INFO : test_admin_account :Pass:href for alter movie appear
2023-03-14 23:58:54,141 :INFO : test_admin_account :Pass:href for alter movie appear
2023-03-14 23:58:54,185 :INFO : test_admin_account :Pass,href for delete movie appear
2023-03-14 23:58:54,185 :INFO : test_admin_account :Pass,href for delete movie appear
2023-03-14 23:58:54,185 :INFO : test_admin_account :Pass,href for delete movie appear
2023-03-14 23:58:54,185 :INFO : test_admin_account :Pass,href for delete movie appear
2023-03-14 23:59:03,169 :INFO : test_admin_account : Check if the account of admin contains hreh for delete, alter and add movie
2023-03-14 23:59:03,169 :INFO : test_admin_account : Check if the account of admin contains hreh for delete, alter and add movie
2023-03-14 23:59:03,169 :INFO : test_admin_account : Check if the account of admin contains hreh for delete, alter and add movie
2023-03-14 23:59:03,169 :INFO : test_admin_account : Check if the account of admin contains hreh for delete, alter and add movie
2023-03-14 23:59:03,169 :INFO : test_admin_account : Check if the account of admin contains hreh for delete, alter and add movie
2023-03-14 23:59:07,460 :INFO : test_admin_account :Pass:href for add movie appear
2023-03-14 23:59:07,460 :INFO : test_admin_account :Pass:href for add movie appear
2023-03-14 23:59:07,460 :INFO : test_admin_account :Pass:href for add movie appear
2023-03-14 23:59:07,460 :INFO : test_admin_account :Pass:href for add movie appear
2023-03-14 23:59:07,460 :INFO : test_admin_account :Pass:href for add movie appear
2023-03-14 23:59:07,460 :INFO : test_admin_account :Pass:href for add movie appear
2023-03-14 23:59:07,812 :INFO : test_admin_account :Pass:href for alter movie appear
2023-03-14 23:59:07,812 :INFO : test_admin_account :Pass:href for alter movie appear
2023-03-14 23:59:07,812 :INFO : test_admin_account :Pass:href for alter movie appear
2023-03-14 23:59:07,812 :INFO : test_admin_account :Pass:href for alter movie appear
2023-03-14 23:59:07,812 :INFO : test_admin_account :Pass:href for alter movie appear
2023-03-14 23:59:07,812 :INFO : test_admin_account :Pass:href for alter movie appear
2023-03-14 23:59:07,812 :INFO : test_admin_account :Pass:href for alter movie appear
2023-03-14 23:59:07,849 :INFO : test_admin_account :Pass,href for delete movie appear
2023-03-14 23:59:07,849 :INFO : test_admin_account :Pass,href for delete movie appear
2023-03-14 23:59:07,849 :INFO : test_admin_account :Pass,href for delete movie appear
2023-03-14 23:59:07,849 :INFO : test_admin_account :Pass,href for delete movie appear
2023-03-14 23:59:07,849 :INFO : test_admin_account :Pass,href for delete movie appear
2023-03-14 23:59:07,849 :INFO : test_admin_account :Pass,href for delete movie appear
2023-03-14 23:59:07,849 :INFO : test_admin_account :Pass,href for delete movie appear
2023-03-14 23:59:07,849 :INFO : test_admin_account :Pass,href for delete movie appear
2023-03-14 23:59:16,865 :INFO : test_incorrect_email_format3 :Check if the user has entered an email 
2023-03-14 23:59:21,242 :INFO : test_incorrect_email_format3 :Pass,the message incorrect email format appear
2023-03-14 23:59:21,242 :INFO : test_incorrect_email_format3 :Pass,the message incorrect email format appear
2023-03-14 23:59:29,994 :INFO : test_incorrect_email_format3 :Check if the user has entered an email 
2023-03-14 23:59:29,994 :INFO : test_incorrect_email_format3 :Check if the user has entered an email 
2023-03-14 23:59:29,994 :INFO : test_incorrect_email_format3 :Check if the user has entered an email 
2023-03-14 23:59:34,218 :INFO : test_incorrect_email_format3 :Pass,the message incorrect email format appear
2023-03-14 23:59:34,218 :INFO : test_incorrect_email_format3 :Pass,the message incorrect email format appear
2023-03-14 23:59:34,218 :INFO : test_incorrect_email_format3 :Pass,the message incorrect email format appear
2023-03-14 23:59:34,218 :INFO : test_incorrect_email_format3 :Pass,the message incorrect email format appear
2023-03-14 23:59:42,945 :INFO : test_Existing_account4 :Try adding existing account 
2023-03-14 23:59:44,199 :INFO : test_Existing_account4 :Pass:the message email already exists
2023-03-14 23:59:44,199 :INFO : test_Existing_account4 :Pass:the message email already exists
2023-03-14 23:59:53,238 :INFO : test_Existing_account4 :Try adding existing account 
2023-03-14 23:59:53,238 :INFO : test_Existing_account4 :Try adding existing account 
2023-03-14 23:59:53,238 :INFO : test_Existing_account4 :Try adding existing account 
2023-03-14 23:59:55,028 :INFO : test_Existing_account4 :Pass:the message email already exists
2023-03-14 23:59:55,028 :INFO : test_Existing_account4 :Pass:the message email already exists
2023-03-14 23:59:55,028 :INFO : test_Existing_account4 :Pass:the message email already exists
2023-03-14 23:59:55,028 :INFO : test_Existing_account4 :Pass:the message email already exists
2023-03-15 00:00:03,783 :INFO : test_admin_homepage1 :Writing the admin details opens the admin account (home_page_admin)
2023-03-15 00:00:07,202 :INFO : test_admin_homepage1 :Pass:The admin home page has been opened
2023-03-15 00:00:07,202 :INFO : test_admin_homepage1 :Pass:The admin home page has been opened
2023-03-15 00:00:15,969 :INFO : test_admin_homepage1 :Writing the admin details opens the admin account (home_page_admin)
2023-03-15 00:00:15,969 :INFO : test_admin_homepage1 :Writing the admin details opens the admin account (home_page_admin)
2023-03-15 00:00:15,969 :INFO : test_admin_homepage1 :Writing the admin details opens the admin account (home_page_admin)
2023-03-15 00:00:19,490 :INFO : test_admin_homepage1 :Pass:The admin home page has been opened
2023-03-15 00:00:19,490 :INFO : test_admin_homepage1 :Pass:The admin home page has been opened
2023-03-15 00:00:19,490 :INFO : test_admin_homepage1 :Pass:The admin home page has been opened
2023-03-15 00:00:19,490 :INFO : test_admin_homepage1 :Pass:The admin home page has been opened
2023-03-15 00:00:28,455 :INFO : test_Add_page_open2 :Check if the alter page in the admin account exists
2023-03-15 00:00:33,987 :INFO : test_Add_page_open2 :Pass,The alter page in the admin account opened
2023-03-15 00:00:33,987 :INFO : test_Add_page_open2 :Pass,The alter page in the admin account opened
2023-03-15 00:00:44,032 :INFO : test_Add_page_open2 :Check if the alter page in the admin account exists
2023-03-15 00:00:44,032 :INFO : test_Add_page_open2 :Check if the alter page in the admin account exists
2023-03-15 00:00:44,032 :INFO : test_Add_page_open2 :Check if the alter page in the admin account exists
2023-03-15 00:00:49,597 :INFO : test_Add_page_open2 :Pass,The alter page in the admin account opened
2023-03-15 00:00:49,597 :INFO : test_Add_page_open2 :Pass,The alter page in the admin account opened
2023-03-15 00:00:49,597 :INFO : test_Add_page_open2 :Pass,The alter page in the admin account opened
2023-03-15 00:00:49,597 :INFO : test_Add_page_open2 :Pass,The alter page in the admin account opened
2023-03-15 00:00:58,546 :INFO : test_Log_in_User3 :Writing the user details opens the admin account (home_page
2023-03-15 00:01:01,985 :INFO : test_Log_in_User3 :Pass:The user account has been opened
2023-03-15 00:01:01,985 :INFO : test_Log_in_User3 :Pass:The user account has been opened
2023-03-15 00:01:11,070 :INFO : test_Log_in_User3 :Writing the user details opens the admin account (home_page
2023-03-15 00:01:11,070 :INFO : test_Log_in_User3 :Writing the user details opens the admin account (home_page
2023-03-15 00:01:11,070 :INFO : test_Log_in_User3 :Writing the user details opens the admin account (home_page
2023-03-15 00:01:14,681 :INFO : test_Log_in_User3 :Pass:The user account has been opened
2023-03-15 00:01:14,681 :INFO : test_Log_in_User3 :Pass:The user account has been opened
2023-03-15 00:01:14,681 :INFO : test_Log_in_User3 :Pass:The user account has been opened
2023-03-15 00:01:14,681 :INFO : test_Log_in_User3 :Pass:The user account has been opened
2023-03-15 00:01:25,074 :INFO : test_movie_info_pageuser_open4 :Check if clicking on a specific image opens the movie page for the user, the URL of the specified movie
2023-03-15 00:01:28,806 :INFO : test_movie_info_pageuser_open4 :Pass:The movie page is not shown to the user
2023-03-15 00:01:28,806 :INFO : test_movie_info_pageuser_open4 :Pass:The movie page is not shown to the user
2023-03-15 00:01:37,752 :INFO : test_movie_info_pageuser_open4 :Check if clicking on a specific image opens the movie page for the user, the URL of the specified movie
2023-03-15 00:01:37,752 :INFO : test_movie_info_pageuser_open4 :Check if clicking on a specific image opens the movie page for the user, the URL of the specified movie
2023-03-15 00:01:37,752 :INFO : test_movie_info_pageuser_open4 :Check if clicking on a specific image opens the movie page for the user, the URL of the specified movie
2023-03-15 00:01:41,594 :INFO : test_movie_info_pageuser_open4 :Pass:The movie page is not shown to the user
2023-03-15 00:01:41,594 :INFO : test_movie_info_pageuser_open4 :Pass:The movie page is not shown to the user
2023-03-15 00:01:41,594 :INFO : test_movie_info_pageuser_open4 :Pass:The movie page is not shown to the user
2023-03-15 00:01:41,594 :INFO : test_movie_info_pageuser_open4 :Pass:The movie page is not shown to the user
2023-03-15 00:01:50,446 :INFO : test_movie_info_pageuser_open5 :Check if clicking on a specific image opens the movie page for the user, the URL of the specified movie
2023-03-15 00:01:53,990 :INFO : test_movie_info_pageuser_open5 :Pass:The movie page is not shown to the user
2023-03-15 00:01:53,990 :INFO : test_movie_info_pageuser_open5 :Pass:The movie page is not shown to the user
2023-03-15 00:02:03,121 :INFO : test_movie_info_pageuser_open5 :Check if clicking on a specific image opens the movie page for the user, the URL of the specified movie
2023-03-15 00:02:03,121 :INFO : test_movie_info_pageuser_open5 :Check if clicking on a specific image opens the movie page for the user, the URL of the specified movie
2023-03-15 00:02:03,121 :INFO : test_movie_info_pageuser_open5 :Check if clicking on a specific image opens the movie page for the user, the URL of the specified movie
2023-03-15 00:02:07,115 :INFO : test_movie_info_pageuser_open5 :Pass:The movie page is not shown to the user
2023-03-15 00:02:07,115 :INFO : test_movie_info_pageuser_open5 :Pass:The movie page is not shown to the user
2023-03-15 00:02:07,115 :INFO : test_movie_info_pageuser_open5 :Pass:The movie page is not shown to the user
2023-03-15 00:02:07,115 :INFO : test_movie_info_pageuser_open5 :Pass:The movie page is not shown to the user
2023-03-15 00:02:15,934 :INFO : test_movie_info_pageadmin_open6 :Check if clicking on a specific image opens the movie page for the admin, the URL of the specified movie
2023-03-15 00:02:15,957 :INFO : test_movie_info_pageadmin_open6 :Check if the alter page in the admin account exists
2023-03-15 00:02:15,957 :INFO : test_movie_info_pageadmin_open6 :Check if the alter page in the admin account exists
2023-03-15 00:02:18,382 :INFO : test_movie_info_pageadmin_open6 :Pass:The movie page is not shown to the admin
2023-03-15 00:02:18,382 :INFO : test_movie_info_pageadmin_open6 :Pass:The movie page is not shown to the admin
2023-03-15 00:02:18,382 :INFO : test_movie_info_pageadmin_open6 :Pass:The movie page is not shown to the admin
2023-03-15 00:02:27,221 :INFO : test_movie_info_pageadmin_open6 :Check if clicking on a specific image opens the movie page for the admin, the URL of the specified movie
2023-03-15 00:02:27,221 :INFO : test_movie_info_pageadmin_open6 :Check if clicking on a specific image opens the movie page for the admin, the URL of the specified movie
2023-03-15 00:02:27,221 :INFO : test_movie_info_pageadmin_open6 :Check if clicking on a specific image opens the movie page for the admin, the URL of the specified movie
2023-03-15 00:02:27,221 :INFO : test_movie_info_pageadmin_open6 :Check if clicking on a specific image opens the movie page for the admin, the URL of the specified movie
2023-03-15 00:02:27,250 :INFO : test_movie_info_pageadmin_open6 :Check if the alter page in the admin account exists
2023-03-15 00:02:27,250 :INFO : test_movie_info_pageadmin_open6 :Check if the alter page in the admin account exists
2023-03-15 00:02:27,250 :INFO : test_movie_info_pageadmin_open6 :Check if the alter page in the admin account exists
2023-03-15 00:02:27,250 :INFO : test_movie_info_pageadmin_open6 :Check if the alter page in the admin account exists
2023-03-15 00:02:27,250 :INFO : test_movie_info_pageadmin_open6 :Check if the alter page in the admin account exists
2023-03-15 00:02:29,921 :INFO : test_movie_info_pageadmin_open6 :Pass:The movie page is not shown to the admin
2023-03-15 00:02:29,921 :INFO : test_movie_info_pageadmin_open6 :Pass:The movie page is not shown to the admin
2023-03-15 00:02:29,921 :INFO : test_movie_info_pageadmin_open6 :Pass:The movie page is not shown to the admin
2023-03-15 00:02:29,921 :INFO : test_movie_info_pageadmin_open6 :Pass:The movie page is not shown to the admin
2023-03-15 00:02:29,921 :INFO : test_movie_info_pageadmin_open6 :Pass:The movie page is not shown to the admin
2023-03-15 00:02:29,921 :INFO : test_movie_info_pageadmin_open6 :Pass:The movie page is not shown to the admin
2023-03-15 10:18:41,163 :INFO : test_Home_page_button :Clicking on the home page icon takes the user back to the home page
2023-03-15 10:18:49,405 :INFO : test_Home_page_button :Pass:user in the homepage
2023-03-15 10:18:49,405 :INFO : test_Home_page_button :Pass:user in the homepage
